<?xml version="1.0" encoding="UTF-8"?>
<!-- Generated by org.testng.reporters.JUnitXMLReporter -->
<testsuite ignored="0" hostname="WINDOWS-N5EVJVA" failures="1" tests="3" name="Test1" time="0.092" errors="0" timestamp="24 Sep 2021 09:51:58 GMT">
  <testcase classname="loginTests.AppTest" name="invalidLoginTest" time="0.022">
    <failure type="java.lang.AssertionError" message="expected [true] but found [false]">
      <![CDATA[java.lang.AssertionError: expected [true] but found [false]
at loginTests.AppTest.invalidLoginTest(AppTest.java:19)
... Removed 29 stack frames]]>
    </failure>
  </testcase> <!-- invalidLoginTest -->
  <testcase classname="loginTests.AppTest" name="validLoginTest" time="0.003"/>
  <testcase classname="loginTests.ComparisionTC" name="f" time="0.002"/>
</testsuite> <!-- Test1 -->
