<?xml version="1.0" encoding="UTF-8"?>
<!-- Generated by org.testng.reporters.JUnitXMLReporter -->
<testsuite hostname="WINDOWS-N5EVJVA" ignored="0" name="Test1" tests="3" failures="0" timestamp="24 Sep 2021 11:15:18 GMT" time="0.066" errors="0">
  <testcase name="invalidLoginTest" time="0.018" classname="loginTests.AppTest"/>
  <testcase name="validLoginTest" time="0.001" classname="loginTests.AppTest"/>
  <testcase name="f" time="0.0" classname="loginTests.ComparisionTC"/>
</testsuite> <!-- Test1 -->
