<?xml version="1.0" encoding="UTF-8"?>
<testng-results ignored="0" total="2" passed="2" failed="0" skipped="0">
  <reporter-output>
  </reporter-output>
  <suite started-at="2021-09-27T10:47:57Z" name="Default suite" finished-at="2021-09-27T10:47:57Z" duration-ms="83">
    <groups>
    </groups>
    <test started-at="2021-09-27T10:47:57Z" name="Default test" finished-at="2021-09-27T10:47:57Z" duration-ms="83">
      <class name="loginTests.AppTest">
        <test-method signature="invalidLoginTest()[pri:0, instance:loginTests.AppTest@518caac3]" started-at="2021-09-27T10:47:57Z" name="invalidLoginTest" description="invalid login test" finished-at="2021-09-27T10:47:57Z" duration-ms="39" status="PASS">
          <reporter-output>
          </reporter-output>
        </test-method> <!-- invalidLoginTest -->
        <test-method signature="validLoginTest()[pri:0, instance:loginTests.AppTest@518caac3]" started-at="2021-09-27T10:47:57Z" name="validLoginTest" description="valid test" finished-at="2021-09-27T10:47:57Z" duration-ms="2" status="PASS">
          <reporter-output>
          </reporter-output>
        </test-method> <!-- validLoginTest -->
      </class> <!-- loginTests.AppTest -->
    </test> <!-- Default test -->
  </suite> <!-- Default suite -->
</testng-results>
